{'original_resolution': 10, 'shape_type': 's_t_h_x', 'active': True, 'export': True}
{'original_resolution': 10, 'shape_type': 's_t_h_x', 'active': True, 'export': True}
{'original_resolution': 30, 'shape_type': 's_t_h_x', 'active': True, 'export': True}
{'original_resolution': 300, 'shape_type': 't_x', 'active': True, 'export': True}
{'original_resolution': 500, 'shape_type': 't_x', 'active': True, 'export': True}
{'original_resolution': 500, 'shape_type': 't_x', 'active': True, 'export': True}
{'original_resolution': 1000, 'shape_type': 't_x', 'active': True, 'export': True}
{'original_resolution': 11132, 'shape_type': 't_x', 'active': True, 'export': True}
{'original_resolution': 30, 'shape_type': 'sp_x', 'active': True, 'export': True}
target_masking missing from training dict. Filling with default value decoder_only
Loading dataset and dataloader
{'total_n': 138492, 'sampled_n': 1000, 'space_time_high_res': {'mean': [-10.713918986576365, -17.808245711152637, 38.20203662133062, 4369.012255609531, 3907.7594398102324, 4172.574446119417, 4568.006634592565, 1985.599932295646, 1704.940655225481, 0.4117674683283105, 0.36484606724027524, 0.3813918469127032, 0.4488361803763473, 0.1845857438137091, 0.15797065610572014], 'std': [6.036935724806016, 6.122325575249201, 4.390059443777165, 2646.63434476784, 2528.4876066416687, 2889.1775791839823, 2814.2998718149947, 1385.2151096132684, 1203.2387707432101, 0.26089098637867086, 0.2562458994569187, 0.2903354106238073, 0.3012447489436304, 0.13569304915153005, 0.11869314315300661]}, 'space': {'mean': [1299.9956666666667, 17.008362583931174], 'std': [793.599624836258, 11.183367538012051]}, 'time': {'mean': [61.9667768363283, 41.10912825034591, 4519.429541305702, 4556.787495770241, 4006.235783078735, 2442.1707554260847, 1539.0982281499032, 0.4484875588034527, 0.23350382982542947, 0.4596587891881402, 0.4953063819572765, 0.23158392370991876, 0.235736833018061, 264.951566890726, 266.51468120978353, 0.002694441333457685, 0.38358860017959495, 0.1540366254408541, 0.2109112738634699], 'std': [49.45922044091212, 33.50162352455143, 2907.2972840723824, 2881.125490785367, 1932.300569470211, 1424.5177088654366, 1055.3459763350959, 0.2941306663477598, 0.14612075392822046, 0.2962682178295146, 0.2476767065796924, 0.1395421851494823, 0.15568787009191706, 26.903369224953387, 26.59754454844961, 0.00602045098279944, 1.3563442446686589, 1.235729398344404, 0.37046202580932924]}, 'static': {'mean': [-0.14312153675098577, 0.126224399039456, 0.7662677292820502], 'std': [0.34903909339998485, 0.5011101389868959, 0.05897231341184606]}}
Loading models
t shape: torch.Size([128, 16, 19])
Using fast attention
Using fast attention
Using fast attention
Using fast attention
Using fast attention
Using fast attention
Using fast attention
Using fast attention
Using fast attention
Using fast attention
Using fast attention
Using fast attention
s_t_x before masking: tensor(-3.6327, device='cuda:0', grad_fn=<MinBackward1>) tensor(3.5955, device='cuda:0', grad_fn=<MaxBackward1>)
Mask token: Parameter containing:
tensor([0., 0., 0., 0., 0., 0., 0., 0., 0., 0., 0., 0., 0., 0., 0., 0., 0., 0., 0., 0., 0., 0., 0., 0.,
        0., 0., 0., 0., 0., 0., 0., 0., 0., 0., 0., 0., 0., 0., 0., 0., 0., 0., 0., 0., 0., 0., 0., 0.,
        0., 0., 0., 0., 0., 0., 0., 0., 0., 0., 0., 0., 0., 0., 0., 0., 0., 0., 0., 0., 0., 0., 0., 0.,
        0., 0., 0., 0., 0., 0., 0., 0., 0., 0., 0., 0., 0., 0., 0., 0., 0., 0., 0., 0., 0., 0., 0., 0.,
        0., 0., 0., 0., 0., 0., 0., 0., 0., 0., 0., 0., 0., 0., 0., 0., 0., 0., 0., 0., 0., 0., 0., 0.,
        0., 0., 0., 0., 0., 0., 0., 0., 0., 0., 0., 0., 0., 0., 0., 0., 0., 0., 0., 0., 0., 0., 0., 0.,
        0., 0., 0., 0., 0., 0., 0., 0., 0., 0., 0., 0., 0., 0., 0., 0., 0., 0., 0., 0., 0., 0., 0., 0.,
        0., 0., 0., 0., 0., 0., 0., 0., 0., 0., 0., 0., 0., 0., 0., 0., 0., 0., 0., 0., 0., 0., 0., 0.],
       device='cuda:0', requires_grad=True)
s_t_x after masking: tensor(-3.6327, device='cuda:0', grad_fn=<MinBackward1>) tensor(3.5955, device='cuda:0', grad_fn=<MaxBackward1>)
Using fast attention
Using fast attention
Using fast attention
Using fast attention
Before LayerNorm: tensor(nan, device='cuda:0', grad_fn=<MinBackward1>) tensor(nan, device='cuda:0', grad_fn=<MaxBackward1>)
After LayerNorm: tensor(nan, device='cuda:0', grad_fn=<MinBackward1>) tensor(nan, device='cuda:0', grad_fn=<MaxBackward1>)
Length of the outputs: 7 1 8 1
t shape: torch.Size([128, 16, 19])
Using fast attention
Using fast attention
Using fast attention
Using fast attention
Using fast attention
Using fast attention
Using fast attention
Using fast attention
Using fast attention
Using fast attention
Using fast attention
Using fast attention
s_t_x before masking: tensor(nan, device='cuda:0', grad_fn=<MinBackward1>) tensor(nan, device='cuda:0', grad_fn=<MaxBackward1>)
Mask token: Parameter containing:
tensor([0., 0., 0., 0., 0., 0., 0., 0., 0., 0., 0., 0., 0., 0., 0., 0., 0., 0., 0., 0., 0., 0., 0., 0.,
        0., 0., 0., 0., 0., 0., 0., 0., 0., 0., 0., 0., 0., 0., 0., 0., 0., 0., 0., 0., 0., 0., 0., 0.,
        0., 0., 0., 0., 0., 0., 0., 0., 0., 0., 0., 0., 0., 0., 0., 0., 0., 0., 0., 0., 0., 0., 0., 0.,
        0., 0., 0., 0., 0., 0., 0., 0., 0., 0., 0., 0., 0., 0., 0., 0., 0., 0., 0., 0., 0., 0., 0., 0.,
        0., 0., 0., 0., 0., 0., 0., 0., 0., 0., 0., 0., 0., 0., 0., 0., 0., 0., 0., 0., 0., 0., 0., 0.,
        0., 0., 0., 0., 0., 0., 0., 0., 0., 0., 0., 0., 0., 0., 0., 0., 0., 0., 0., 0., 0., 0., 0., 0.,
        0., 0., 0., 0., 0., 0., 0., 0., 0., 0., 0., 0., 0., 0., 0., 0., 0., 0., 0., 0., 0., 0., 0., 0.,
        0., 0., 0., 0., 0., 0., 0., 0., 0., 0., 0., 0., 0., 0., 0., 0., 0., 0., 0., 0., 0., 0., 0., 0.],
       device='cuda:0', requires_grad=True)
s_t_x after masking: tensor(nan, device='cuda:0', grad_fn=<MinBackward1>) tensor(nan, device='cuda:0', grad_fn=<MaxBackward1>)

======== GPU REPORT ========

==============NVSMI LOG==============

Timestamp                                 : Tue Mar  4 10:32:32 2025
Driver Version                            : 560.35.03
CUDA Version                              : 12.6

Attached GPUs                             : 1
GPU 00000000:A4:00.0
    Accounting Mode                       : Enabled
    Accounting Mode Buffer Size           : 4000
    Accounted Processes
        Process ID                        : 2435040
            GPU Utilization               : 2 %
            Memory Utilization            : 1 %
            Max memory usage              : 44796 MiB
            Time                          : 37453 ms
            Is Running                    : 0

Tue Mar  4 10:32:32 2025       
+-----------------------------------------------------------------------------------------+
| NVIDIA-SMI 560.35.03              Driver Version: 560.35.03      CUDA Version: 12.6     |
|-----------------------------------------+------------------------+----------------------+
| GPU  Name                 Persistence-M | Bus-Id          Disp.A | Volatile Uncorr. ECC |
| Fan  Temp   Perf          Pwr:Usage/Cap |           Memory-Usage | GPU-Util  Compute M. |
|                                         |                        |               MIG M. |
|=========================================+========================+======================|
|   0  Quadro RTX 8000                On  |   00000000:A4:00.0 Off |                    0 |
| 33%   35C    P2            126W /  260W |       1MiB /  46080MiB |    100%      Default |
|                                         |                        |                  N/A |
+-----------------------------------------+------------------------+----------------------+
                                                                                         
+-----------------------------------------------------------------------------------------+
| Processes:                                                                              |
|  GPU   GI   CI        PID   Type   Process name                              GPU Memory |
|        ID   ID                                                               Usage      |
|=========================================================================================|
|  No running processes found                                                             |
+-----------------------------------------------------------------------------------------+
