{'original_resolution': 10, 'shape_type': 's_t_h_x', 'active': True, 'export': True}
{'original_resolution': 10, 'shape_type': 's_t_h_x', 'active': True, 'export': True}
{'original_resolution': 30, 'shape_type': 's_t_h_x', 'active': True, 'export': True}
{'original_resolution': 30, 'shape_type': 's_t_h_x', 'active': True, 'export': True}
{'original_resolution': 300, 'shape_type': 's_t_m_x', 'active': True, 'export': True}
{'original_resolution': 500, 'shape_type': 's_t_l_x', 'active': True, 'export': True}
{'original_resolution': 500, 'shape_type': 's_t_l_x', 'active': True, 'export': True}
{'original_resolution': 1000, 'shape_type': 't_x', 'active': True, 'export': True}
{'original_resolution': 11132, 'shape_type': 't_x', 'active': True, 'export': True}
{'original_resolution': 30, 'shape_type': 'sp_x', 'active': True, 'export': True}
target_masking missing from training dict. Filling with default value decoder_only
Loading dataset and dataloader
{'total_n': 141758, 'sampled_n': 1000, 'space_time_high_res': {'mean': [-10.414075853585462, -17.665588762911227, 38.01947053074649, 4295.366412066542, 3831.7951369526763, 4091.6095671987537, 4486.124783894946, 1942.4110248587592, 1666.2132949378388, 0.4150081908266609, 0.36546773123963117, 0.38081465691267297, 0.4444104520433114, 0.1796305161038139, 0.15509513063089325, 0.40852575655460976, 0.35954341405479767, 0.37583909097707174, 0.44137863502895774, 0.1844416447404185, 0.15738834714707403], 'std': [5.6642459732238075, 6.257160019435857, 4.720088514519874, 2665.89537520532, 2536.7883689500895, 2894.638644707869, 2825.706101842669, 1378.7317743563515, 1200.8002330009758, 0.2617351097929581, 0.2557008629074453, 0.2862636089720008, 0.29212757647171944, 0.13871286939595528, 0.12031277120703344, 0.2596684848439878, 0.2523952519819476, 0.28486121962527716, 0.2948788949222077, 0.13663182995965478, 0.1185088067304539]}, 'space_time_med_res': {'mean': [88.42433904983386, 35.89901181744382], 'std': [61.50505924523177, 27.77152602343024]}, 'space_time_low_res': {'mean': [4530.7362383983, 4569.106910488654, 3888.5768812234487, 2389.3872554591144, 1493.5748075913425, 0.44084242142271773, 0.2304078293897565, 0.21164990935856418], 'std': [2882.832226131437, 2863.996587210415, 1877.7259224321647, 1410.2508926588764, 1034.3803107616343, 0.2933658280954797, 0.14325989503825368, 0.36656092607463736]}, 'space': {'mean': [1388.788127170139, 16.957658363870223], 'std': [772.0057299831593, 11.030052149130771]}, 'time': {'mean': [0.45150672191461577, 0.48643494479888966, 0.22992346029760888, 0.2337075520340001, 266.7173652679373, 268.29289982930743, 0.0024423054532215853, 0.3610798609455694, 0.17416078098981105], 'std': [0.2899610669148878, 0.24364592782760827, 0.13470149400540474, 0.15084619340342822, 12.991926467361015, 11.938355150248146, 0.005206368444040412, 1.2747617328681842, 1.2000204845921763]}, 'static': {'mean': [-0.1444837469136421, 0.1233936056499674, 0.7627981054454422], 'std': [0.3339672697806962, 0.5170441542859912, 0.05629138944145576]}}
Prepared 3 images
Loading models
t shape: torch.Size([64, 8, 9])
Using fast attention
Using fast attention
Using fast attention
Using fast attention
Using fast attention
Using fast attention
Using fast attention
Using fast attention
Using fast attention
Using fast attention
Using fast attention
Using fast attention
Mask token: Parameter containing:
tensor([0., 0., 0., 0., 0., 0., 0., 0., 0., 0., 0., 0., 0., 0., 0., 0., 0., 0., 0., 0., 0., 0., 0., 0.,
        0., 0., 0., 0., 0., 0., 0., 0., 0., 0., 0., 0., 0., 0., 0., 0., 0., 0., 0., 0., 0., 0., 0., 0.,
        0., 0., 0., 0., 0., 0., 0., 0., 0., 0., 0., 0., 0., 0., 0., 0., 0., 0., 0., 0., 0., 0., 0., 0.,
        0., 0., 0., 0., 0., 0., 0., 0., 0., 0., 0., 0., 0., 0., 0., 0., 0., 0., 0., 0., 0., 0., 0., 0.,
        0., 0., 0., 0., 0., 0., 0., 0., 0., 0., 0., 0., 0., 0., 0., 0., 0., 0., 0., 0., 0., 0., 0., 0.,
        0., 0., 0., 0., 0., 0., 0., 0., 0., 0., 0., 0., 0., 0., 0., 0., 0., 0., 0., 0., 0., 0., 0., 0.,
        0., 0., 0., 0., 0., 0., 0., 0., 0., 0., 0., 0., 0., 0., 0., 0., 0., 0., 0., 0., 0., 0., 0., 0.,
        0., 0., 0., 0., 0., 0., 0., 0., 0., 0., 0., 0., 0., 0., 0., 0., 0., 0., 0., 0., 0., 0., 0., 0.],
       device='cuda:0', requires_grad=True)
Using fast attention
Using fast attention
Using fast attention
Using fast attention
Length of the outputs: 10 1 5 1 4 1
p_s_t_h min/max: -3.511331796646118 4.22467565536499
p_s_t_m min/max: -2.874610424041748 2.0968730449676514
p_s_t_l min/max: -2.7980704307556152 2.693481922149658
s_t_h_x min/max: -10000.0 2.69921875
s_t_m_x min/max: -10000.0 300.75
s_t_l_x min/max: -10000.0 2.90234375
p_sp min/max: -3.8047239780426025 3.573166608810425
sp_x min/max: 0.0 1.662109375
p_t min/max: -2.5664877891540527 2.768738031387329
t_x min/max: -0.00045418739318847656 16.171875
p_st min/max: -1.6285765171051025 2.1551294326782227
st_x min/max: -0.68310546875 0.86181640625
s_t_h_m min/max: 0 2
s_t_m_m min/max: 0 2
s_t_l_m min/max: 0 2
sp_m min/max: 0 2
t_m min/max: 0 2
st_m min/max: 0 2
Got through one loss calc w/o assertion error - yay!
t shape: torch.Size([64, 8, 9])
Using fast attention
Using fast attention
Using fast attention
Using fast attention
Using fast attention
Using fast attention
Using fast attention
Using fast attention
Using fast attention
Using fast attention
Using fast attention
Using fast attention
Mask token: Parameter containing:
tensor([0., 0., 0., 0., 0., 0., 0., 0., 0., 0., 0., 0., 0., 0., 0., 0., 0., 0., 0., 0., 0., 0., 0., 0.,
        0., 0., 0., 0., 0., 0., 0., 0., 0., 0., 0., 0., 0., 0., 0., 0., 0., 0., 0., 0., 0., 0., 0., 0.,
        0., 0., 0., 0., 0., 0., 0., 0., 0., 0., 0., 0., 0., 0., 0., 0., 0., 0., 0., 0., 0., 0., 0., 0.,
        0., 0., 0., 0., 0., 0., 0., 0., 0., 0., 0., 0., 0., 0., 0., 0., 0., 0., 0., 0., 0., 0., 0., 0.,
        0., 0., 0., 0., 0., 0., 0., 0., 0., 0., 0., 0., 0., 0., 0., 0., 0., 0., 0., 0., 0., 0., 0., 0.,
        0., 0., 0., 0., 0., 0., 0., 0., 0., 0., 0., 0., 0., 0., 0., 0., 0., 0., 0., 0., 0., 0., 0., 0.,
        0., 0., 0., 0., 0., 0., 0., 0., 0., 0., 0., 0., 0., 0., 0., 0., 0., 0., 0., 0., 0., 0., 0., 0.,
        0., 0., 0., 0., 0., 0., 0., 0., 0., 0., 0., 0., 0., 0., 0., 0., 0., 0., 0., 0., 0., 0., 0., 0.],
       device='cuda:0', requires_grad=True)
Using fast attention
Using fast attention
Using fast attention
Using fast attention
Length of the outputs: 10 1 5 1 4 1
p_s_t_h min/max: -3.6729419231414795 3.826909065246582
p_s_t_m min/max: -2.840223550796509 1.859082818031311
p_s_t_l min/max: -2.7440412044525146 2.5650362968444824
s_t_h_x min/max: -10000.0 2.69921875
s_t_m_x min/max: -10000.0 300.75
s_t_l_x min/max: -10000.0 2.90234375
p_sp min/max: -3.851893663406372 3.6655185222625732
sp_x min/max: 0.0 1.662109375
p_t min/max: -2.4693410396575928 2.6255271434783936
t_x min/max: -0.00045418739318847656 16.171875
p_st min/max: -2.339677095413208 1.8921730518341064
st_x min/max: -0.68310546875 0.86181640625
s_t_h_m min/max: 0 2
s_t_m_m min/max: 0 2
s_t_l_m min/max: 0 2
sp_m min/max: 0 2
t_m min/max: 0 2
st_m min/max: 0 2
Got through one loss calc w/o assertion error - yay!
t shape: torch.Size([64, 8, 9])
Using fast attention
Using fast attention
Using fast attention
Using fast attention
Using fast attention
Using fast attention
Using fast attention
Using fast attention
Using fast attention
Using fast attention
Using fast attention
Using fast attention
Mask token: Parameter containing:
tensor([0., 0., 0., 0., 0., 0., 0., 0., 0., 0., 0., 0., 0., 0., 0., 0., 0., 0., 0., 0., 0., 0., 0., 0.,
        0., 0., 0., 0., 0., 0., 0., 0., 0., 0., 0., 0., 0., 0., 0., 0., 0., 0., 0., 0., 0., 0., 0., 0.,
        0., 0., 0., 0., 0., 0., 0., 0., 0., 0., 0., 0., 0., 0., 0., 0., 0., 0., 0., 0., 0., 0., 0., 0.,
        0., 0., 0., 0., 0., 0., 0., 0., 0., 0., 0., 0., 0., 0., 0., 0., 0., 0., 0., 0., 0., 0., 0., 0.,
        0., 0., 0., 0., 0., 0., 0., 0., 0., 0., 0., 0., 0., 0., 0., 0., 0., 0., 0., 0., 0., 0., 0., 0.,
        0., 0., 0., 0., 0., 0., 0., 0., 0., 0., 0., 0., 0., 0., 0., 0., 0., 0., 0., 0., 0., 0., 0., 0.,
        0., 0., 0., 0., 0., 0., 0., 0., 0., 0., 0., 0., 0., 0., 0., 0., 0., 0., 0., 0., 0., 0., 0., 0.,
        0., 0., 0., 0., 0., 0., 0., 0., 0., 0., 0., 0., 0., 0., 0., 0., 0., 0., 0., 0., 0., 0., 0., 0.],
       device='cuda:0', requires_grad=True)
Using fast attention
Using fast attention
Using fast attention
Using fast attention
Length of the outputs: 10 1 5 1 4 1
p_s_t_h min/max: -3.565426826477051 3.9541945457458496
p_s_t_m min/max: -2.706773519515991 2.0842034816741943
p_s_t_l min/max: -2.6098554134368896 2.2835891246795654
s_t_h_x min/max: -10000.0 2.69921875
s_t_m_x min/max: -10000.0 300.75
s_t_l_x min/max: -10000.0 2.90234375
p_sp min/max: -4.064183712005615 3.6610665321350098
sp_x min/max: 0.0 1.662109375
p_t min/max: -2.4218151569366455 2.499336004257202
t_x min/max: -0.00045418739318847656 16.171875
p_st min/max: -2.137230396270752 1.7852956056594849
st_x min/max: -0.68310546875 0.86181640625
s_t_h_m min/max: 0 2
s_t_m_m min/max: 0 2
s_t_l_m min/max: 0 2
sp_m min/max: 0 2
t_m min/max: 0 2
st_m min/max: 0 2
Got through one loss calc w/o assertion error - yay!
t shape: torch.Size([64, 8, 9])
Using fast attention
Using fast attention
Using fast attention
Using fast attention
Using fast attention
Using fast attention
Using fast attention
Using fast attention
Using fast attention
Using fast attention
Using fast attention
Using fast attention
Mask token: Parameter containing:
tensor([0., 0., 0., 0., 0., 0., 0., 0., 0., 0., 0., 0., 0., 0., 0., 0., 0., 0., 0., 0., 0., 0., 0., 0.,
        0., 0., 0., 0., 0., 0., 0., 0., 0., 0., 0., 0., 0., 0., 0., 0., 0., 0., 0., 0., 0., 0., 0., 0.,
        0., 0., 0., 0., 0., 0., 0., 0., 0., 0., 0., 0., 0., 0., 0., 0., 0., 0., 0., 0., 0., 0., 0., 0.,
        0., 0., 0., 0., 0., 0., 0., 0., 0., 0., 0., 0., 0., 0., 0., 0., 0., 0., 0., 0., 0., 0., 0., 0.,
        0., 0., 0., 0., 0., 0., 0., 0., 0., 0., 0., 0., 0., 0., 0., 0., 0., 0., 0., 0., 0., 0., 0., 0.,
        0., 0., 0., 0., 0., 0., 0., 0., 0., 0., 0., 0., 0., 0., 0., 0., 0., 0., 0., 0., 0., 0., 0., 0.,
        0., 0., 0., 0., 0., 0., 0., 0., 0., 0., 0., 0., 0., 0., 0., 0., 0., 0., 0., 0., 0., 0., 0., 0.,
        0., 0., 0., 0., 0., 0., 0., 0., 0., 0., 0., 0., 0., 0., 0., 0., 0., 0., 0., 0., 0., 0., 0., 0.],
       device='cuda:0', requires_grad=True)
Using fast attention
Using fast attention
Using fast attention
Using fast attention
Length of the outputs: 10 1 5 1 4 1
p_s_t_h min/max: -3.9378135204315186 4.215969562530518
p_s_t_m min/max: -2.8569047451019287 1.7891137599945068
p_s_t_l min/max: -2.9193618297576904 2.112276315689087
s_t_h_x min/max: -10000.0 2.69921875
s_t_m_x min/max: -10000.0 300.75
s_t_l_x min/max: -10000.0 2.90234375
p_sp min/max: -3.6258044242858887 3.7410035133361816
sp_x min/max: 0.0 1.662109375
p_t min/max: -2.697028398513794 2.9744365215301514
t_x min/max: -0.00045418739318847656 16.171875
p_st min/max: -2.3785290718078613 1.6376724243164062
st_x min/max: -0.68310546875 0.86181640625
s_t_h_m min/max: 0 2
s_t_m_m min/max: 0 2
s_t_l_m min/max: 0 2
sp_m min/max: 0 2
t_m min/max: 0 2
st_m min/max: 0 2
Got through one loss calc w/o assertion error - yay!
t shape: torch.Size([64, 8, 9])
Using fast attention
Using fast attention
Using fast attention
Using fast attention
Using fast attention
Using fast attention
Using fast attention
Using fast attention
Using fast attention
Using fast attention
Using fast attention
Using fast attention
Mask token: Parameter containing:
tensor([0., 0., 0., 0., 0., 0., 0., 0., 0., 0., 0., 0., 0., 0., 0., 0., 0., 0., 0., 0., 0., 0., 0., 0.,
        0., 0., 0., 0., 0., 0., 0., 0., 0., 0., 0., 0., 0., 0., 0., 0., 0., 0., 0., 0., 0., 0., 0., 0.,
        0., 0., 0., 0., 0., 0., 0., 0., 0., 0., 0., 0., 0., 0., 0., 0., 0., 0., 0., 0., 0., 0., 0., 0.,
        0., 0., 0., 0., 0., 0., 0., 0., 0., 0., 0., 0., 0., 0., 0., 0., 0., 0., 0., 0., 0., 0., 0., 0.,
        0., 0., 0., 0., 0., 0., 0., 0., 0., 0., 0., 0., 0., 0., 0., 0., 0., 0., 0., 0., 0., 0., 0., 0.,
        0., 0., 0., 0., 0., 0., 0., 0., 0., 0., 0., 0., 0., 0., 0., 0., 0., 0., 0., 0., 0., 0., 0., 0.,
        0., 0., 0., 0., 0., 0., 0., 0., 0., 0., 0., 0., 0., 0., 0., 0., 0., 0., 0., 0., 0., 0., 0., 0.,
        0., 0., 0., 0., 0., 0., 0., 0., 0., 0., 0., 0., 0., 0., 0., 0., 0., 0., 0., 0., 0., 0., 0., 0.],
       device='cuda:0', requires_grad=True)
Using fast attention
Using fast attention
Using fast attention
Using fast attention
Length of the outputs: 10 1 5 1 4 1
p_s_t_h min/max: -3.600931167602539 3.757308006286621
p_s_t_m min/max: -2.539581537246704 1.9629580974578857
p_s_t_l min/max: -2.437047243118286 2.8827550411224365
s_t_h_x min/max: -10000.0 2.80078125
s_t_m_x min/max: -10000.0 331.0
s_t_l_x min/max: -10000.0 2.9296875
p_sp min/max: -3.5707719326019287 4.1327805519104
sp_x min/max: -0.0010004043579101562 1.9365234375
p_t min/max: -2.2999703884124756 2.4706366062164307
t_x min/max: -10000.0 16.390625
p_st min/max: -1.8527543544769287 1.932835578918457
st_x min/max: -0.68212890625 0.865234375
s_t_h_m min/max: 0 2
s_t_m_m min/max: 0 2
s_t_l_m min/max: 0 2
sp_m min/max: 0 2
t_m min/max: 0 2
st_m min/max: 0 2
Got through one loss calc w/o assertion error - yay!
t shape: torch.Size([64, 8, 9])
Using fast attention
Using fast attention
Using fast attention
Using fast attention
Using fast attention
Using fast attention
Using fast attention
Using fast attention
Using fast attention
Using fast attention
Using fast attention
Using fast attention
Mask token: Parameter containing:
tensor([0., 0., 0., 0., 0., 0., 0., 0., 0., 0., 0., 0., 0., 0., 0., 0., 0., 0., 0., 0., 0., 0., 0., 0.,
        0., 0., 0., 0., 0., 0., 0., 0., 0., 0., 0., 0., 0., 0., 0., 0., 0., 0., 0., 0., 0., 0., 0., 0.,
        0., 0., 0., 0., 0., 0., 0., 0., 0., 0., 0., 0., 0., 0., 0., 0., 0., 0., 0., 0., 0., 0., 0., 0.,
        0., 0., 0., 0., 0., 0., 0., 0., 0., 0., 0., 0., 0., 0., 0., 0., 0., 0., 0., 0., 0., 0., 0., 0.,
        0., 0., 0., 0., 0., 0., 0., 0., 0., 0., 0., 0., 0., 0., 0., 0., 0., 0., 0., 0., 0., 0., 0., 0.,
        0., 0., 0., 0., 0., 0., 0., 0., 0., 0., 0., 0., 0., 0., 0., 0., 0., 0., 0., 0., 0., 0., 0., 0.,
        0., 0., 0., 0., 0., 0., 0., 0., 0., 0., 0., 0., 0., 0., 0., 0., 0., 0., 0., 0., 0., 0., 0., 0.,
        0., 0., 0., 0., 0., 0., 0., 0., 0., 0., 0., 0., 0., 0., 0., 0., 0., 0., 0., 0., 0., 0., 0., 0.],
       device='cuda:0', requires_grad=True)
Using fast attention
Using fast attention
Using fast attention
Using fast attention
Length of the outputs: 10 1 5 1 4 1
p_s_t_h min/max: -3.6634361743927 3.925678014755249
p_s_t_m min/max: -2.2009057998657227 1.849666714668274
p_s_t_l min/max: -2.3317246437072754 2.2783050537109375
s_t_h_x min/max: -10000.0 2.80078125
s_t_m_x min/max: -10000.0 331.0
s_t_l_x min/max: -10000.0 2.9296875
p_sp min/max: -3.6010115146636963 3.6790168285369873
sp_x min/max: -0.0010004043579101562 1.9365234375
p_t min/max: -2.123164415359497 2.9684743881225586
t_x min/max: -10000.0 16.390625
p_st min/max: -1.5603142976760864 1.623663067817688
st_x min/max: -0.68212890625 0.865234375
s_t_h_m min/max: 0 2
s_t_m_m min/max: 0 2
s_t_l_m min/max: 0 2
sp_m min/max: 0 2
t_m min/max: 0 2
st_m min/max: 0 2
Got through one loss calc w/o assertion error - yay!
t shape: torch.Size([64, 8, 9])
Using fast attention
Using fast attention
Using fast attention
Using fast attention
Using fast attention
Using fast attention
Using fast attention
Using fast attention
Using fast attention
Using fast attention
Using fast attention
Using fast attention
Mask token: Parameter containing:
tensor([0., 0., 0., 0., 0., 0., 0., 0., 0., 0., 0., 0., 0., 0., 0., 0., 0., 0., 0., 0., 0., 0., 0., 0.,
        0., 0., 0., 0., 0., 0., 0., 0., 0., 0., 0., 0., 0., 0., 0., 0., 0., 0., 0., 0., 0., 0., 0., 0.,
        0., 0., 0., 0., 0., 0., 0., 0., 0., 0., 0., 0., 0., 0., 0., 0., 0., 0., 0., 0., 0., 0., 0., 0.,
        0., 0., 0., 0., 0., 0., 0., 0., 0., 0., 0., 0., 0., 0., 0., 0., 0., 0., 0., 0., 0., 0., 0., 0.,
        0., 0., 0., 0., 0., 0., 0., 0., 0., 0., 0., 0., 0., 0., 0., 0., 0., 0., 0., 0., 0., 0., 0., 0.,
        0., 0., 0., 0., 0., 0., 0., 0., 0., 0., 0., 0., 0., 0., 0., 0., 0., 0., 0., 0., 0., 0., 0., 0.,
        0., 0., 0., 0., 0., 0., 0., 0., 0., 0., 0., 0., 0., 0., 0., 0., 0., 0., 0., 0., 0., 0., 0., 0.,
        0., 0., 0., 0., 0., 0., 0., 0., 0., 0., 0., 0., 0., 0., 0., 0., 0., 0., 0., 0., 0., 0., 0., 0.],
       device='cuda:0', requires_grad=True)
Using fast attention
Using fast attention
Using fast attention
Using fast attention
Length of the outputs: 10 1 5 1 4 1
p_s_t_h min/max: -3.3908424377441406 3.846308469772339
p_s_t_m min/max: -2.6933164596557617 1.9824235439300537
p_s_t_l min/max: -2.686638116836548 2.540149688720703
s_t_h_x min/max: -10000.0 2.80078125
s_t_m_x min/max: -10000.0 331.0
s_t_l_x min/max: -10000.0 2.9296875
p_sp min/max: -3.5492048263549805 3.629265546798706
sp_x min/max: -0.0010004043579101562 1.9365234375
p_t min/max: -2.442427635192871 2.4434852600097656
t_x min/max: -10000.0 16.390625
p_st min/max: -2.1708407402038574 1.7300751209259033
st_x min/max: -0.68212890625 0.865234375
s_t_h_m min/max: 0 2
s_t_m_m min/max: 0 2
s_t_l_m min/max: 0 2
sp_m min/max: 0 2
t_m min/max: 0 2
st_m min/max: 0 2
Got through one loss calc w/o assertion error - yay!

======== GPU REPORT ========

==============NVSMI LOG==============

Timestamp                                 : Wed Mar  5 15:46:31 2025
Driver Version                            : 560.35.03
CUDA Version                              : 12.6

Attached GPUs                             : 1
GPU 00000000:88:00.0
    Accounting Mode                       : Enabled
    Accounting Mode Buffer Size           : 4000
    Accounted Processes
        Process ID                        : 3968973
            GPU Utilization               : 9 %
            Memory Utilization            : 8 %
            Max memory usage              : 24308 MiB
            Time                          : 158871 ms
            Is Running                    : 0

Wed Mar  5 15:46:31 2025       
+-----------------------------------------------------------------------------------------+
| NVIDIA-SMI 560.35.03              Driver Version: 560.35.03      CUDA Version: 12.6     |
|-----------------------------------------+------------------------+----------------------+
| GPU  Name                 Persistence-M | Bus-Id          Disp.A | Volatile Uncorr. ECC |
| Fan  Temp   Perf          Pwr:Usage/Cap |           Memory-Usage | GPU-Util  Compute M. |
|                                         |                        |               MIG M. |
|=========================================+========================+======================|
|   0  Quadro RTX 8000                On  |   00000000:88:00.0 Off |                    0 |
| 33%   34C    P2            111W /  260W |       1MiB /  46080MiB |     73%      Default |
|                                         |                        |                  N/A |
+-----------------------------------------+------------------------+----------------------+
                                                                                         
+-----------------------------------------------------------------------------------------+
| Processes:                                                                              |
|  GPU   GI   CI        PID   Type   Process name                              GPU Memory |
|        ID   ID                                                               Usage      |
|=========================================================================================|
|  No running processes found                                                             |
+-----------------------------------------------------------------------------------------+
