{'original_resolution': 10, 'shape_type': 's_t_h_x', 'active': True, 'export': True}
{'original_resolution': 10, 'shape_type': 's_t_h_x', 'active': True, 'export': True}
{'original_resolution': 30, 'shape_type': 's_t_h_x', 'active': True, 'export': True}
{'original_resolution': 30, 'shape_type': 's_t_h_x', 'active': True, 'export': True}
{'original_resolution': 300, 'shape_type': 's_t_m_x', 'active': True, 'export': True}
{'original_resolution': 500, 'shape_type': 's_t_l_x', 'active': True, 'export': True}
{'original_resolution': 500, 'shape_type': 's_t_l_x', 'active': True, 'export': True}
{'original_resolution': 1000, 'shape_type': 't_x', 'active': True, 'export': True}
{'original_resolution': 11132, 'shape_type': 't_x', 'active': True, 'export': True}
{'original_resolution': 30, 'shape_type': 'sp_x', 'active': True, 'export': True}
target_masking missing from training dict. Filling with default value decoder_only
Loading dataset and dataloader
{'total_n': 141758, 'sampled_n': 1000, 'space_time_high_res': {'mean': [-10.414075853585462, -17.665588762911227, 38.01947053074649, 4295.366412066542, 3831.7951369526763, 4091.6095671987537, 4486.124783894946, 1942.4110248587592, 1666.2132949378388, 0.4150081908266609, 0.36546773123963117, 0.38081465691267297, 0.4444104520433114, 0.1796305161038139, 0.15509513063089325, 0.40852575655460976, 0.35954341405479767, 0.37583909097707174, 0.44137863502895774, 0.1844416447404185, 0.15738834714707403], 'std': [5.6642459732238075, 6.257160019435857, 4.720088514519874, 2665.89537520532, 2536.7883689500895, 2894.638644707869, 2825.706101842669, 1378.7317743563515, 1200.8002330009758, 0.2617351097929581, 0.2557008629074453, 0.2862636089720008, 0.29212757647171944, 0.13871286939595528, 0.12031277120703344, 0.2596684848439878, 0.2523952519819476, 0.28486121962527716, 0.2948788949222077, 0.13663182995965478, 0.1185088067304539]}, 'space_time_med_res': {'mean': [88.42433904983386, 35.89901181744382], 'std': [61.50505924523177, 27.77152602343024]}, 'space_time_low_res': {'mean': [4530.7362383983, 4569.106910488654, 3888.5768812234487, 2389.3872554591144, 1493.5748075913425, 0.44084242142271773, 0.2304078293897565, 0.21164990935856418], 'std': [2882.832226131437, 2863.996587210415, 1877.7259224321647, 1410.2508926588764, 1034.3803107616343, 0.2933658280954797, 0.14325989503825368, 0.36656092607463736]}, 'space': {'mean': [1388.788127170139, 16.957658363870223], 'std': [772.0057299831593, 11.030052149130771]}, 'time': {'mean': [0.45150672191461577, 0.48643494479888966, 0.22992346029760888, 0.2337075520340001, 266.7173652679373, 268.29289982930743, 0.0024423054532215853, 0.3610798609455694, 0.17416078098981105], 'std': [0.2899610669148878, 0.24364592782760827, 0.13470149400540474, 0.15084619340342822, 12.991926467361015, 11.938355150248146, 0.005206368444040412, 1.2747617328681842, 1.2000204845921763]}, 'static': {'mean': [-0.1444837469136421, 0.1233936056499674, 0.7627981054454422], 'std': [0.3339672697806962, 0.5170441542859912, 0.05629138944145576]}}

======== GPU REPORT ========

==============NVSMI LOG==============

Timestamp                                 : Fri Mar  7 16:32:17 2025
Driver Version                            : 560.35.03
CUDA Version                              : 12.6

Attached GPUs                             : 1
GPU 00000000:B2:00.0
    Accounting Mode                       : Enabled
    Accounting Mode Buffer Size           : 4000
    Accounted Processes                   : None

Fri Mar  7 16:32:17 2025       
+-----------------------------------------------------------------------------------------+
| NVIDIA-SMI 560.35.03              Driver Version: 560.35.03      CUDA Version: 12.6     |
|-----------------------------------------+------------------------+----------------------+
| GPU  Name                 Persistence-M | Bus-Id          Disp.A | Volatile Uncorr. ECC |
| Fan  Temp   Perf          Pwr:Usage/Cap |           Memory-Usage | GPU-Util  Compute M. |
|                                         |                        |               MIG M. |
|=========================================+========================+======================|
|   0  Quadro RTX 8000                On  |   00000000:B2:00.0 Off |                    0 |
| 33%   27C    P8             28W /  260W |       1MiB /  46080MiB |      0%      Default |
|                                         |                        |                  N/A |
+-----------------------------------------+------------------------+----------------------+
                                                                                         
+-----------------------------------------------------------------------------------------+
| Processes:                                                                              |
|  GPU   GI   CI        PID   Type   Process name                              GPU Memory |
|        ID   ID                                                               Usage      |
|=========================================================================================|
|  No running processes found                                                             |
+-----------------------------------------------------------------------------------------+
